app/build/intermediates/manifest_merge_blame_file/debug/processDebugMainManifest/manifest-merger-blame-debug-report.txt
1<?xml version="1.0" encoding="utf-8"?>
2<manifest xmlns:android="http://schemas.android.com/apk/res/android"
3    package="com.clogs.disclogs"
4    android:versionCode="1"
5    android:versionName="1.0" >
6
7    <uses-sdk
7-->INJECTED
8        android:minSdkVersion="26"
8-->INJECTED
9        android:targetSdkVersion="36" />
9-->INJECTED
10
11    <uses-permission android:name="android.permission.INTERNET" />
11-->src/main/AndroidManifest.xml:5:5-67
11-->src/main/AndroidManifest.xml:5:22-64
12    <uses-permission android:name="android.permission.POST_NOTIFICATIONS" />
12-->src/main/AndroidManifest.xml:6:5-76
12-->src/main/AndroidManifest.xml:6:22-74
13    <uses-permission android:name="android.permission.ACCESS_NETWORK_STATE" />
13-->[com.google.firebase:firebase-auth:24.2.0] AndroidManifest.xml:26:5-79
13-->[com.google.firebase:firebase-auth:24.2.0] AndroidManifest.xml:26:22-76
14    <uses-permission android:name="android.permission.USE_BIOMETRIC" /> <!-- suppress DeprecatedClassUsageInspection -->
14-->[androidx.biometric:biometric:1.1.0] AndroidManifest.xml:24:5-72
14-->[androidx.biometric:biometric:1.1.0] AndroidManifest.xml:24:22-69
15    <uses-permission android:name="android.permission.USE_FINGERPRINT" />
15-->[androidx.biometric:biometric:1.1.0] AndroidManifest.xml:27:5-74
15-->[androidx.biometric:biometric:1.1.0] AndroidManifest.xml:27:22-71
16    <uses-permission android:name="android.permission.WAKE_LOCK" /> <!-- Required by older versions of Google Play services to create IID tokens -->
16-->[com.google.firebase:firebase-messaging:25.1.2] AndroidManifest.xml:24:5-68
16-->[com.google.firebase:firebase-messaging:25.1.2] AndroidManifest.xml:24:22-65
17    <uses-permission android:name="com.google.android.c2dm.permission.RECEIVE" />
17-->[com.google.firebase:firebase-messaging:25.1.2] AndroidManifest.xml:26:5-82
17-->[com.google.firebase:firebase-messaging:25.1.2] AndroidManifest.xml:26:22-79
18    <uses-permission android:name="com.google.android.providers.gsf.permission.READ_GSERVICES" />
18-->[com.google.android.recaptcha:recaptcha:18.6.1] AndroidManifest.xml:9:5-98
18-->[com.google.android.recaptcha:recaptcha:18.6.1] AndroidManifest.xml:9:22-95
19
20    <permission
20-->[androidx.core:core:1.17.0] AndroidManifest.xml:22:5-24:47
21        android:name="com.clogs.disclogs.DYNAMIC_RECEIVER_NOT_EXPORTED_PERMISSION"
21-->[androidx.core:core:1.17.0] AndroidManifest.xml:23:9-81
22        android:protectionLevel="signature" />
22-->[androidx.core:core:1.17.0] AndroidManifest.xml:24:9-44
23
24    <uses-permission android:name="com.clogs.disclogs.DYNAMIC_RECEIVER_NOT_EXPORTED_PERMISSION" />
24-->[androidx.core:core:1.17.0] AndroidManifest.xml:26:5-97
24-->[androidx.core:core:1.17.0] AndroidManifest.xml:26:22-94
25
26    <application
26-->src/main/AndroidManifest.xml:8:5-57:19
27        android:name="com.clogs.disclogs.SupabaseApplication"
27-->src/main/AndroidManifest.xml:9:9-44
28        android:allowBackup="true"
28-->src/main/AndroidManifest.xml:10:9-35
29        android:appComponentFactory="androidx.core.app.CoreComponentFactory"
29-->[androidx.core:core:1.17.0] AndroidManifest.xml:28:18-86
30        android:dataExtractionRules="@xml/data_extraction_rules"
30-->src/main/AndroidManifest.xml:11:9-65
31        android:debuggable="true"
32        android:extractNativeLibs="false"
32-->INJECTED
33        android:fullBackupContent="@xml/backup_rules"
33-->src/main/AndroidManifest.xml:12:9-54
34        android:icon="@mipmap/ic_icon"
34-->src/main/AndroidManifest.xml:13:9-39
35        android:label="@string/app_name"
35-->src/main/AndroidManifest.xml:14:9-41
36        android:roundIcon="@mipmap/ic_icon_round"
36-->src/main/AndroidManifest.xml:15:9-50
37        android:supportsRtl="true"
37-->src/main/AndroidManifest.xml:16:9-35
38        android:testOnly="true"
39        android:theme="@style/Theme.Disclogs" >
39-->src/main/AndroidManifest.xml:17:9-46
40        <activity
40-->src/main/AndroidManifest.xml:20:9-43:20
41            android:name="com.clogs.disclogs.MainActivity"
41-->src/main/AndroidManifest.xml:21:13-41
42            android:exported="true"
42-->src/main/AndroidManifest.xml:22:13-36
43            android:label="@string/app_name"
43-->src/main/AndroidManifest.xml:23:13-45
44            android:launchMode="singleTask"
44-->src/main/AndroidManifest.xml:24:13-44
45            android:theme="@style/Theme.App.Starting"
45-->src/main/AndroidManifest.xml:25:13-54
46            android:windowSoftInputMode="adjustResize" >
46-->src/main/AndroidManifest.xml:26:13-55
47            <intent-filter>
47-->src/main/AndroidManifest.xml:28:13-32:29
48                <action android:name="android.intent.action.MAIN" />
48-->src/main/AndroidManifest.xml:29:17-69
48-->src/main/AndroidManifest.xml:29:25-66
49
50                <category android:name="android.intent.category.LAUNCHER" />
50-->src/main/AndroidManifest.xml:31:17-77
50-->src/main/AndroidManifest.xml:31:27-74
51            </intent-filter>
52            <intent-filter>
52-->src/main/AndroidManifest.xml:33:13-42:29
53                <action android:name="android.intent.action.VIEW" />
53-->src/main/AndroidManifest.xml:34:17-69
53-->src/main/AndroidManifest.xml:34:25-66
54
55                <category android:name="android.intent.category.DEFAULT" />
55-->src/main/AndroidManifest.xml:36:17-76
55-->src/main/AndroidManifest.xml:36:27-73
56                <category android:name="android.intent.category.BROWSABLE" />
56-->src/main/AndroidManifest.xml:37:17-78
56-->src/main/AndroidManifest.xml:37:27-75
57
58                <data
58-->src/main/AndroidManifest.xml:39:17-41:49
59                    android:host="login"
59-->src/main/AndroidManifest.xml:40:21-41
60                    android:scheme="disclogs" />
60-->src/main/AndroidManifest.xml:41:21-46
61            </intent-filter>
62        </activity>
63
64        <service
64-->src/main/AndroidManifest.xml:45:9-51:19
65            android:name="com.clogs.disclogs.service.MyFcmService"
65-->src/main/AndroidManifest.xml:46:13-49
66            android:exported="true" >
66-->src/main/AndroidManifest.xml:47:13-36
67            <intent-filter>
67-->src/main/AndroidManifest.xml:48:13-50:29
68                <action android:name="com.google.firebase.MESSAGING_EVENT" />
68-->src/main/AndroidManifest.xml:49:17-78
68-->src/main/AndroidManifest.xml:49:25-75
69            </intent-filter>
70        </service>
71
72        <meta-data
72-->src/main/AndroidManifest.xml:53:9-55:48
73            android:name="com.google.firebase.messaging.default_notification_channel_id"
73-->src/main/AndroidManifest.xml:54:13-89
74            android:value="DISCLOGS_CHANNEL" />
74-->src/main/AndroidManifest.xml:55:13-45
75
76        <activity
76-->[com.google.firebase:firebase-auth:24.2.0] AndroidManifest.xml:29:9-46:20
77            android:name="com.google.firebase.auth.internal.GenericIdpActivity"
77-->[com.google.firebase:firebase-auth:24.2.0] AndroidManifest.xml:30:13-80
78            android:excludeFromRecents="true"
78-->[com.google.firebase:firebase-auth:24.2.0] AndroidManifest.xml:31:13-46
79            android:exported="true"
79-->[com.google.firebase:firebase-auth:24.2.0] AndroidManifest.xml:32:13-36
80            android:launchMode="singleTask"
80-->[com.google.firebase:firebase-auth:24.2.0] AndroidManifest.xml:33:13-44
81            android:theme="@android:style/Theme.Translucent.NoTitleBar" >
81-->[com.google.firebase:firebase-auth:24.2.0] AndroidManifest.xml:34:13-72
82            <intent-filter>
82-->[com.google.firebase:firebase-auth:24.2.0] AndroidManifest.xml:35:13-45:29
83                <action android:name="android.intent.action.VIEW" />
83-->src/main/AndroidManifest.xml:34:17-69
83-->src/main/AndroidManifest.xml:34:25-66
84
85                <category android:name="android.intent.category.DEFAULT" />
85-->src/main/AndroidManifest.xml:36:17-76
85-->src/main/AndroidManifest.xml:36:27-73
86                <category android:name="android.intent.category.BROWSABLE" />
86-->src/main/AndroidManifest.xml:37:17-78
86-->src/main/AndroidManifest.xml:37:27-75
87
88                <data
88-->src/main/AndroidManifest.xml:39:17-41:49
89                    android:host="firebase.auth"
89-->src/main/AndroidManifest.xml:40:21-41
90                    android:path="/"
91                    android:scheme="genericidp" />
91-->src/main/AndroidManifest.xml:41:21-46
92            </intent-filter>
93        </activity>
94        <activity
94-->[com.google.firebase:firebase-auth:24.2.0] AndroidManifest.xml:47:9-64:20
95            android:name="com.google.firebase.auth.internal.RecaptchaActivity"
95-->[com.google.firebase:firebase-auth:24.2.0] AndroidManifest.xml:48:13-79
96            android:excludeFromRecents="true"
96-->[com.google.firebase:firebase-auth:24.2.0] AndroidManifest.xml:49:13-46
97            android:exported="true"
97-->[com.google.firebase:firebase-auth:24.2.0] AndroidManifest.xml:50:13-36
98            android:launchMode="singleTask"
98-->[com.google.firebase:firebase-auth:24.2.0] AndroidManifest.xml:51:13-44
99            android:theme="@android:style/Theme.Translucent.NoTitleBar" >
99-->[com.google.firebase:firebase-auth:24.2.0] AndroidManifest.xml:52:13-72
100            <intent-filter>
100-->[com.google.firebase:firebase-auth:24.2.0] AndroidManifest.xml:53:13-63:29
101                <action android:name="android.intent.action.VIEW" />
101-->src/main/AndroidManifest.xml:34:17-69
101-->src/main/AndroidManifest.xml:34:25-66
102
103                <category android:name="android.intent.category.DEFAULT" />
103-->src/main/AndroidManifest.xml:36:17-76
103-->src/main/AndroidManifest.xml:36:27-73
104                <category android:name="android.intent.category.BROWSABLE" />
104-->src/main/AndroidManifest.xml:37:17-78
104-->src/main/AndroidManifest.xml:37:27-75
105
106                <data
106-->src/main/AndroidManifest.xml:39:17-41:49
107                    android:host="firebase.auth"
107-->src/main/AndroidManifest.xml:40:21-41
108                    android:path="/"
109                    android:scheme="recaptcha" />
109-->src/main/AndroidManifest.xml:41:21-46
110            </intent-filter>
111        </activity>
112
113        <service
113-->[com.google.firebase:firebase-auth:24.2.0] AndroidManifest.xml:66:9-72:19
114            android:name="com.google.firebase.components.ComponentDiscoveryService"
114-->[com.google.firebase:firebase-auth:24.2.0] AndroidManifest.xml:67:13-84
115            android:directBootAware="true"
115-->[com.google.firebase:firebase-common:22.2.0] AndroidManifest.xml:32:13-43
116            android:exported="false" >
116-->[com.google.firebase:firebase-auth:24.2.0] AndroidManifest.xml:68:13-37
117            <meta-data
117-->[com.google.firebase:firebase-auth:24.2.0] AndroidManifest.xml:69:13-71:85
118                android:name="com.google.firebase.components:com.google.firebase.auth.FirebaseAuthRegistrar"
118-->[com.google.firebase:firebase-auth:24.2.0] AndroidManifest.xml:70:17-109
119                android:value="com.google.firebase.components.ComponentRegistrar" />
119-->[com.google.firebase:firebase-auth:24.2.0] AndroidManifest.xml:71:17-82
120            <meta-data
120-->[com.google.firebase:firebase-messaging-ktx:24.1.2] AndroidManifest.xml:26:13-28:85
121                android:name="com.google.firebase.components:com.google.firebase.messaging.ktx.FirebaseMessagingLegacyRegistrar"
121-->[com.google.firebase:firebase-messaging-ktx:24.1.2] AndroidManifest.xml:27:17-129
122                android:value="com.google.firebase.components.ComponentRegistrar" />
122-->[com.google.firebase:firebase-messaging-ktx:24.1.2] AndroidManifest.xml:28:17-82
123            <meta-data
123-->[com.google.firebase:firebase-common-ktx:21.0.0] AndroidManifest.xml:12:13-14:85
124                android:name="com.google.firebase.components:com.google.firebase.ktx.FirebaseCommonLegacyRegistrar"
124-->[com.google.firebase:firebase-common-ktx:21.0.0] AndroidManifest.xml:13:17-116
125                android:value="com.google.firebase.components.ComponentRegistrar" />
125-->[com.google.firebase:firebase-common-ktx:21.0.0] AndroidManifest.xml:14:17-82
126            <meta-data
126-->[com.google.firebase:firebase-firestore:26.6.0] AndroidManifest.xml:17:13-19:85
127                android:name="com.google.firebase.components:com.google.firebase.firestore.FirebaseFirestoreKtxRegistrar"
127-->[com.google.firebase:firebase-firestore:26.6.0] AndroidManifest.xml:18:17-122
128                android:value="com.google.firebase.components.ComponentRegistrar" />
128-->[com.google.firebase:firebase-firestore:26.6.0] AndroidManifest.xml:19:17-82
129            <meta-data
129-->[com.google.firebase:firebase-firestore:26.6.0] AndroidManifest.xml:20:13-22:85
130                android:name="com.google.firebase.components:com.google.firebase.firestore.FirestoreRegistrar"
130-->[com.google.firebase:firebase-firestore:26.6.0] AndroidManifest.xml:21:17-111
131                android:value="com.google.firebase.components.ComponentRegistrar" />
131-->[com.google.firebase:firebase-firestore:26.6.0] AndroidManifest.xml:22:17-82
132            <meta-data
132-->[com.google.firebase:firebase-messaging:25.1.2] AndroidManifest.xml:57:13-59:85
133                android:name="com.google.firebase.components:com.google.firebase.messaging.FirebaseMessagingKtxRegistrar"
133-->[com.google.firebase:firebase-messaging:25.1.2] AndroidManifest.xml:58:17-122
134                android:value="com.google.firebase.components.ComponentRegistrar" />
134-->[com.google.firebase:firebase-messaging:25.1.2] AndroidManifest.xml:59:17-82
135            <meta-data
135-->[com.google.firebase:firebase-messaging:25.1.2] AndroidManifest.xml:60:13-62:85
136                android:name="com.google.firebase.components:com.google.firebase.messaging.FirebaseMessagingRegistrar"
136-->[com.google.firebase:firebase-messaging:25.1.2] AndroidManifest.xml:61:17-119
137                android:value="com.google.firebase.components.ComponentRegistrar" />
137-->[com.google.firebase:firebase-messaging:25.1.2] AndroidManifest.xml:62:17-82
138            <meta-data
138-->[com.google.firebase:firebase-installations:19.1.2] AndroidManifest.xml:15:13-17:85
139                android:name="com.google.firebase.components:com.google.firebase.installations.FirebaseInstallationsKtxRegistrar"
139-->[com.google.firebase:firebase-installations:19.1.2] AndroidManifest.xml:16:17-130
140                android:value="com.google.firebase.components.ComponentRegistrar" />
140-->[com.google.firebase:firebase-installations:19.1.2] AndroidManifest.xml:17:17-82
141            <meta-data
141-->[com.google.firebase:firebase-installations:19.1.2] AndroidManifest.xml:18:13-20:85
142                android:name="com.google.firebase.components:com.google.firebase.installations.FirebaseInstallationsRegistrar"
142-->[com.google.firebase:firebase-installations:19.1.2] AndroidManifest.xml:19:17-127
143                android:value="com.google.firebase.components.ComponentRegistrar" />
143-->[com.google.firebase:firebase-installations:19.1.2] AndroidManifest.xml:20:17-82
144            <meta-data
144-->[com.google.firebase:firebase-common:22.2.0] AndroidManifest.xml:35:13-37:85
145                android:name="com.google.firebase.components:com.google.firebase.FirebaseCommonKtxRegistrar"
145-->[com.google.firebase:firebase-common:22.2.0] AndroidManifest.xml:36:17-109
146                android:value="com.google.firebase.components.ComponentRegistrar" />
146-->[com.google.firebase:firebase-common:22.2.0] AndroidManifest.xml:37:17-82
147            <meta-data
147-->[com.google.firebase:firebase-datatransport:18.2.0] AndroidManifest.xml:25:13-27:85
148                android:name="com.google.firebase.components:com.google.firebase.datatransport.TransportRegistrar"
148-->[com.google.firebase:firebase-datatransport:18.2.0] AndroidManifest.xml:26:17-115
149                android:value="com.google.firebase.components.ComponentRegistrar" />
149-->[com.google.firebase:firebase-datatransport:18.2.0] AndroidManifest.xml:27:17-82
150        </service>
151
152        <provider
152-->[io.github.jan-tennert.supabase:compose-auth-android-debug:3.1.1] AndroidManifest.xml:9:9-17:20
153            android:name="androidx.startup.InitializationProvider"
153-->[io.github.jan-tennert.supabase:compose-auth-android-debug:3.1.1] AndroidManifest.xml:10:13-67
154            android:authorities="com.clogs.disclogs.androidx-startup"
154-->[io.github.jan-tennert.supabase:compose-auth-android-debug:3.1.1] AndroidManifest.xml:11:13-68
155            android:exported="false" >
155-->[io.github.jan-tennert.supabase:compose-auth-android-debug:3.1.1] AndroidManifest.xml:12:13-37
156            <meta-data
156-->[io.github.jan-tennert.supabase:compose-auth-android-debug:3.1.1] AndroidManifest.xml:14:13-16:52
157                android:name="io.github.jan.supabase.compose.auth.SupabaseInitializer"
157-->[io.github.jan-tennert.supabase:compose-auth-android-debug:3.1.1] AndroidManifest.xml:15:17-87
158                android:value="androidx.startup" />
158-->[io.github.jan-tennert.supabase:compose-auth-android-debug:3.1.1] AndroidManifest.xml:16:17-49
159            <meta-data
159-->[io.github.jan-tennert.supabase:storage-kt-android-debug:3.1.1] AndroidManifest.xml:14:13-16:52
160                android:name="io.github.jan.supabase.storage.SupabaseInitializer"
160-->[io.github.jan-tennert.supabase:storage-kt-android-debug:3.1.1] AndroidManifest.xml:15:17-82
161                android:value="androidx.startup" />
161-->[io.github.jan-tennert.supabase:storage-kt-android-debug:3.1.1] AndroidManifest.xml:16:17-49
162            <meta-data
162-->[io.github.jan-tennert.supabase:auth-kt-android-debug:3.1.1] AndroidManifest.xml:14:13-16:52
163                android:name="io.github.jan.supabase.auth.SupabaseInitializer"
163-->[io.github.jan-tennert.supabase:auth-kt-android-debug:3.1.1] AndroidManifest.xml:15:17-79
164                android:value="androidx.startup" />
164-->[io.github.jan-tennert.supabase:auth-kt-android-debug:3.1.1] AndroidManifest.xml:16:17-49
165            <meta-data
165-->[androidx.emoji2:emoji2:1.4.0] AndroidManifest.xml:29:13-31:52
166                android:name="androidx.emoji2.text.EmojiCompatInitializer"
166-->[androidx.emoji2:emoji2:1.4.0] AndroidManifest.xml:30:17-75
167                android:value="androidx.startup" />
167-->[androidx.emoji2:emoji2:1.4.0] AndroidManifest.xml:31:17-49
168            <meta-data
168-->[androidx.lifecycle:lifecycle-process:2.10.0] AndroidManifest.xml:29:13-31:52
169                android:name="androidx.lifecycle.ProcessLifecycleInitializer"
169-->[androidx.lifecycle:lifecycle-process:2.10.0] AndroidManifest.xml:30:17-78
170                android:value="androidx.startup" />
170-->[androidx.lifecycle:lifecycle-process:2.10.0] AndroidManifest.xml:31:17-49
171            <meta-data
171-->[com.squareup.okhttp3:okhttp-android:5.3.2] AndroidManifest.xml:16:13-18:52
172                android:name="okhttp3.internal.platform.PlatformInitializer"
172-->[com.squareup.okhttp3:okhttp-android:5.3.2] AndroidManifest.xml:17:17-77
173                android:value="androidx.startup" />
173-->[com.squareup.okhttp3:okhttp-android:5.3.2] AndroidManifest.xml:18:17-49
174            <meta-data
174-->[androidx.profileinstaller:profileinstaller:1.4.0] AndroidManifest.xml:29:13-31:52
175                android:name="androidx.profileinstaller.ProfileInstallerInitializer"
175-->[androidx.profileinstaller:profileinstaller:1.4.0] AndroidManifest.xml:30:17-85
176                android:value="androidx.startup" />
176-->[androidx.profileinstaller:profileinstaller:1.4.0] AndroidManifest.xml:31:17-49
177            <meta-data
177-->[com.russhwolf:multiplatform-settings-no-arg-android-debug:1.3.0] AndroidManifest.xml:29:13-31:52
178                android:name="com.russhwolf.settings.SettingsInitializer"
178-->[com.russhwolf:multiplatform-settings-no-arg-android-debug:1.3.0] AndroidManifest.xml:30:17-74
179                android:value="androidx.startup" />
179-->[com.russhwolf:multiplatform-settings-no-arg-android-debug:1.3.0] AndroidManifest.xml:31:17-49
180        </provider>
181
182        <service
182-->[androidx.credentials:credentials-play-services-auth:1.6.0] AndroidManifest.xml:24:9-32:19
183            android:name="androidx.credentials.playservices.CredentialProviderMetadataHolder"
183-->[androidx.credentials:credentials-play-services-auth:1.6.0] AndroidManifest.xml:25:13-94
184            android:enabled="true"
184-->[androidx.credentials:credentials-play-services-auth:1.6.0] AndroidManifest.xml:26:13-35
185            android:exported="false" >
185-->[androidx.credentials:credentials-play-services-auth:1.6.0] AndroidManifest.xml:27:13-37
186            <meta-data
186-->[androidx.credentials:credentials-play-services-auth:1.6.0] AndroidManifest.xml:29:13-31:104
187                android:name="androidx.credentials.CREDENTIAL_PROVIDER_KEY"
187-->[androidx.credentials:credentials-play-services-auth:1.6.0] AndroidManifest.xml:30:17-76
188                android:value="androidx.credentials.playservices.CredentialProviderPlayServicesImpl" />
188-->[androidx.credentials:credentials-play-services-auth:1.6.0] AndroidManifest.xml:31:17-101
189        </service>
190
191        <activity
191-->[androidx.credentials:credentials-play-services-auth:1.6.0] AndroidManifest.xml:34:9-41:20
192            android:name="androidx.credentials.playservices.controllers.identityauth.HiddenActivity"
192-->[androidx.credentials:credentials-play-services-auth:1.6.0] AndroidManifest.xml:35:13-101
193            android:configChanges="orientation|screenSize|screenLayout|keyboardHidden"
193-->[androidx.credentials:credentials-play-services-auth:1.6.0] AndroidManifest.xml:36:13-87
194            android:enabled="true"
194-->[androidx.credentials:credentials-play-services-auth:1.6.0] AndroidManifest.xml:37:13-35
195            android:exported="false"
195-->[androidx.credentials:credentials-play-services-auth:1.6.0] AndroidManifest.xml:38:13-37
196            android:fitsSystemWindows="true"
196-->[androidx.credentials:credentials-play-services-auth:1.6.0] AndroidManifest.xml:39:13-45
197            android:theme="@style/Theme.Hidden" >
197-->[androidx.credentials:credentials-play-services-auth:1.6.0] AndroidManifest.xml:40:13-48
198        </activity>
199        <activity
199-->[androidx.credentials:credentials-play-services-auth:1.6.0] AndroidManifest.xml:42:9-49:20
200            android:name="androidx.credentials.playservices.controllers.identitycredentials.IdentityCredentialApiHiddenActivity"
200-->[androidx.credentials:credentials-play-services-auth:1.6.0] AndroidManifest.xml:43:13-129
201            android:configChanges="orientation|screenSize|screenLayout|keyboardHidden"
201-->[androidx.credentials:credentials-play-services-auth:1.6.0] AndroidManifest.xml:44:13-87
202            android:enabled="true"
202-->[androidx.credentials:credentials-play-services-auth:1.6.0] AndroidManifest.xml:45:13-35
203            android:exported="false"
203-->[androidx.credentials:credentials-play-services-auth:1.6.0] AndroidManifest.xml:46:13-37
204            android:fitsSystemWindows="true"
204-->[androidx.credentials:credentials-play-services-auth:1.6.0] AndroidManifest.xml:47:13-45
205            android:theme="@style/Theme.Hidden" >
205-->[androidx.credentials:credentials-play-services-auth:1.6.0] AndroidManifest.xml:48:13-48
206        </activity>
207        <activity
207-->[androidx.compose.ui:ui-tooling-android:1.11.0] AndroidManifest.xml:23:9-25:39
208            android:name="androidx.compose.ui.tooling.PreviewActivity"
208-->[androidx.compose.ui:ui-tooling-android:1.11.0] AndroidManifest.xml:24:13-71
209            android:exported="true" />
209-->[androidx.compose.ui:ui-tooling-android:1.11.0] AndroidManifest.xml:25:13-36
210        <activity
210-->[com.google.android.gms:play-services-auth:21.1.1] AndroidManifest.xml:23:9-27:75
211            android:name="com.google.android.gms.auth.api.signin.internal.SignInHubActivity"
211-->[com.google.android.gms:play-services-auth:21.1.1] AndroidManifest.xml:24:13-93
212            android:excludeFromRecents="true"
212-->[com.google.android.gms:play-services-auth:21.1.1] AndroidManifest.xml:25:13-46
213            android:exported="false"
213-->[com.google.android.gms:play-services-auth:21.1.1] AndroidManifest.xml:26:13-37
214            android:theme="@android:style/Theme.Translucent.NoTitleBar" />
214-->[com.google.android.gms:play-services-auth:21.1.1] AndroidManifest.xml:27:13-72
215        <!--
216            Service handling Google Sign-In user revocation. For apps that do not integrate with
217            Google Sign-In, this service will never be started.
218        -->
219        <service
219-->[com.google.android.gms:play-services-auth:21.1.1] AndroidManifest.xml:33:9-37:51
220            android:name="com.google.android.gms.auth.api.signin.RevocationBoundService"
220-->[com.google.android.gms:play-services-auth:21.1.1] AndroidManifest.xml:34:13-89
221            android:exported="true"
221-->[com.google.android.gms:play-services-auth:21.1.1] AndroidManifest.xml:35:13-36
222            android:permission="com.google.android.gms.auth.api.signin.permission.REVOCATION_NOTIFICATION"
222-->[com.google.android.gms:play-services-auth:21.1.1] AndroidManifest.xml:36:13-107
223            android:visibleToInstantApps="true" />
223-->[com.google.android.gms:play-services-auth:21.1.1] AndroidManifest.xml:37:13-48
224
225        <receiver
225-->[com.google.firebase:firebase-messaging:25.1.2] AndroidManifest.xml:29:9-40:20
226            android:name="com.google.firebase.iid.FirebaseInstanceIdReceiver"
226-->[com.google.firebase:firebase-messaging:25.1.2] AndroidManifest.xml:30:13-78
227            android:exported="true"
227-->[com.google.firebase:firebase-messaging:25.1.2] AndroidManifest.xml:31:13-36
228            android:permission="com.google.android.c2dm.permission.SEND" >
228-->[com.google.firebase:firebase-messaging:25.1.2] AndroidManifest.xml:32:13-73
229            <intent-filter>
229-->[com.google.firebase:firebase-messaging:25.1.2] AndroidManifest.xml:33:13-35:29
230                <action android:name="com.google.android.c2dm.intent.RECEIVE" />
230-->[com.google.firebase:firebase-messaging:25.1.2] AndroidManifest.xml:34:17-81
230-->[com.google.firebase:firebase-messaging:25.1.2] AndroidManifest.xml:34:25-78
231            </intent-filter>
232
233            <meta-data
233-->[com.google.firebase:firebase-messaging:25.1.2] AndroidManifest.xml:37:13-39:40
234                android:name="com.google.android.gms.cloudmessaging.FINISHED_AFTER_HANDLED"
234-->[com.google.firebase:firebase-messaging:25.1.2] AndroidManifest.xml:38:17-92
235                android:value="true" />
235-->[com.google.firebase:firebase-messaging:25.1.2] AndroidManifest.xml:39:17-37
236        </receiver>
237        <!--
238             FirebaseMessagingService performs security checks at runtime,
239             but set to not exported to explicitly avoid allowing another app to call it.
240        -->
241        <service
241-->[com.google.firebase:firebase-messaging:25.1.2] AndroidManifest.xml:46:9-53:19
242            android:name="com.google.firebase.messaging.FirebaseMessagingService"
242-->[com.google.firebase:firebase-messaging:25.1.2] AndroidManifest.xml:47:13-82
243            android:directBootAware="true"
243-->[com.google.firebase:firebase-messaging:25.1.2] AndroidManifest.xml:48:13-43
244            android:exported="false" >
244-->[com.google.firebase:firebase-messaging:25.1.2] AndroidManifest.xml:49:13-37
245            <intent-filter android:priority="-500" >
245-->src/main/AndroidManifest.xml:48:13-50:29
246                <action android:name="com.google.firebase.MESSAGING_EVENT" />
246-->src/main/AndroidManifest.xml:49:17-78
246-->src/main/AndroidManifest.xml:49:25-75
247            </intent-filter>
248        </service>
249
250        <provider
250-->[com.google.firebase:firebase-common:22.2.0] AndroidManifest.xml:23:9-28:39
251            android:name="com.google.firebase.provider.FirebaseInitProvider"
251-->[com.google.firebase:firebase-common:22.2.0] AndroidManifest.xml:24:13-77
252            android:authorities="com.clogs.disclogs.firebaseinitprovider"
252-->[com.google.firebase:firebase-common:22.2.0] AndroidManifest.xml:25:13-72
253            android:directBootAware="true"
253-->[com.google.firebase:firebase-common:22.2.0] AndroidManifest.xml:26:13-43
254            android:exported="false"
254-->[com.google.firebase:firebase-common:22.2.0] AndroidManifest.xml:27:13-37
255            android:initOrder="100" />
255-->[com.google.firebase:firebase-common:22.2.0] AndroidManifest.xml:28:13-36
256
257        <activity
257-->[com.google.android.gms:play-services-base:18.9.0] AndroidManifest.xml:20:9-22:45
258            android:name="com.google.android.gms.common.api.GoogleApiActivity"
258-->[com.google.android.gms:play-services-base:18.9.0] AndroidManifest.xml:20:19-85
259            android:exported="false"
259-->[com.google.android.gms:play-services-base:18.9.0] AndroidManifest.xml:22:19-43
260            android:theme="@android:style/Theme.Translucent.NoTitleBar" />
260-->[com.google.android.gms:play-services-base:18.9.0] AndroidManifest.xml:21:19-78
261
262        <uses-library
262-->[androidx.window:window:1.5.0] AndroidManifest.xml:23:9-25:40
263            android:name="androidx.window.extensions"
263-->[androidx.window:window:1.5.0] AndroidManifest.xml:24:13-54
264            android:required="false" />
264-->[androidx.window:window:1.5.0] AndroidManifest.xml:25:13-37
265        <uses-library
265-->[androidx.window:window:1.5.0] AndroidManifest.xml:26:9-28:40
266            android:name="androidx.window.sidecar"
266-->[androidx.window:window:1.5.0] AndroidManifest.xml:27:13-51
267            android:required="false" />